{
  "stats": {
    "suites": 1,
    "tests": 1,
    "passes": 1,
    "pending": 0,
    "failures": 0,
    "start": "2023-05-08T07:30:37.042Z",
    "end": "2023-05-08T07:30:40.711Z",
    "duration": 3669,
    "testsRegistered": 1,
    "passPercent": 100,
    "pendingPercent": 0,
    "other": 0,
    "hasOther": false,
    "skipped": 0,
    "hasSkipped": false
  },
  "results": [
    {
      "uuid": "bac0e05b-dda5-4eeb-9d16-9097a8ac914d",
      "title": "",
      "fullFile": "tests\\e2e\\ChangeContract.spec.ts",
      "file": "tests\\e2e\\ChangeContract.spec.ts",
      "beforeHooks": [],
      "afterHooks": [],
      "tests": [],
      "suites": [
        {
          "uuid": "85018c34-a8e2-4505-940d-248b640a426c",
          "title": "DIGIWF - Change Contract Testsuite",
          "fullFile": "",
          "file": "",
          "beforeHooks": [],
          "afterHooks": [],
          "tests": [
            {
              "title": "#agt - create",
              "fullTitle": "DIGIWF - Change Contract Testsuite #agt - create",
              "timedOut": null,
              "duration": 1559,
              "state": "passed",
              "speed": "fast",
              "pass": true,
              "fail": false,
              "pending": false,
              "context": null,
              "code": "cy.pause();\n// cy.visit(\"/#/process\");\ncy.log(\"WEWRWREWR\");",
              "err": {},
              "uuid": "83275a79-3437-4ccf-a902-9b2e02235c75",
              "parentUUID": "85018c34-a8e2-4505-940d-248b640a426c",
              "isHook": false,
              "skipped": false
            }
          ],
          "suites": [],
          "passes": [
            "83275a79-3437-4ccf-a902-9b2e02235c75"
          ],
          "failures": [],
          "pending": [],
          "skipped": [],
          "duration": 1559,
          "root": false,
          "rootEmpty": false,
          "_timeout": 2000
        }
      ],
      "passes": [],
      "failures": [],
      "pending": [],
      "skipped": [],
      "duration": 0,
      "root": true,
      "rootEmpty": true,
      "_timeout": 2000
    }
  ],
  "meta": {
    "mocha": {
      "version": "7.0.1"
    },
    "mochawesome": {
      "options": {
        "quiet": false,
        "reportFilename": "mochawesome",
        "saveHtml": false,
        "saveJson": true,
        "consoleReporter": "spec",
        "useInlineDiffs": false,
        "code": true
      },
      "version": "6.3.1"
    },
    "marge": {
      "options": {
        "consoleReporter": "spec",
        "quiet": false,
        "reportDir": "tests/results",
        "overwrite": false,
        "html": false,
        "json": true
      },
      "version": "5.2.0"
    }
  }
}